{
  "stats": {
    "suites": 1,
    "tests": 1,
    "passes": 1,
    "pending": 0,
    "failures": 0,
    "start": "2026-05-08T23:52:12.380Z",
    "end": "2026-05-08T23:52:17.118Z",
    "duration": 4738,
    "testsRegistered": 1,
    "passPercent": 100,
    "pendingPercent": 0,
    "other": 0,
    "hasOther": false,
    "skipped": 0,
    "hasSkipped": false
  },
  "results": [
    {
      "uuid": "1a7a4599-344f-4112-b930-7bfa093ae9cd",
      "title": "",
      "fullFile": "cypress/e2e/teste-deletar-de-items.cy.js",
      "file": "cypress/e2e/teste-deletar-de-items.cy.js",
      "beforeHooks": [],
      "afterHooks": [],
      "tests": [],
      "suites": [
        {
          "uuid": "e586181a-2a62-4a09-bab4-e70f5eb8b804",
          "title": "Deletar Item nos Bancos de Dados",
          "fullFile": "",
          "file": "",
          "beforeHooks": [],
          "afterHooks": [],
          "tests": [
            {
              "title": "Deveria deletar um item nos Bancos de Dados",
              "fullTitle": "Deletar Item nos Bancos de Dados Deveria deletar um item nos Bancos de Dados",
              "timedOut": null,
              "duration": 3650,
              "state": "passed",
              "speed": "fast",
              "pass": true,
              "fail": false,
              "pending": false,
              "context": null,
              "code": "cy.get('tbody > :nth-child(1) > :nth-child(1)').contains(_itens.itens[0].item).should('be.visible'); // Aqui, o teste está verificando se o item adicionado está visível na tabela de itens dos Bancos de Dados.\ncy.get(':nth-child(1) > :nth-child(3) > div > .text-red-100').click(); // Aqui, o teste está clicando no botão de deletar para o primeiro item da tabela.\ncy.contains(_itens.itens[0].item).should('not.exist'); // Aqui, o teste está verificando se o item deletado não existe mais na tabela de itens dos Bancos de Dados.",
              "err": {},
              "uuid": "f89193eb-4617-4f82-a8e2-8202212f7f63",
              "parentUUID": "e586181a-2a62-4a09-bab4-e70f5eb8b804",
              "isHook": false,
              "skipped": false
            }
          ],
          "suites": [],
          "passes": [
            "f89193eb-4617-4f82-a8e2-8202212f7f63"
          ],
          "failures": [],
          "pending": [],
          "skipped": [],
          "duration": 3650,
          "root": false,
          "rootEmpty": false,
          "_timeout": 2000
        }
      ],
      "passes": [],
      "failures": [],
      "pending": [],
      "skipped": [],
      "duration": 0,
      "root": true,
      "rootEmpty": true,
      "_timeout": 2000
    }
  ],
  "meta": {
    "mocha": {
      "version": "7.2.0"
    },
    "mochawesome": {
      "options": {
        "quiet": false,
        "reportFilename": "mochawesome",
        "saveHtml": true,
        "saveJson": true,
        "consoleReporter": "spec",
        "useInlineDiffs": false,
        "code": true
      },
      "version": "7.1.4"
    },
    "marge": {
      "options": {
        "reportDir": "cypress/reports",
        "overwrite": false,
        "html": true,
        "json": true,
        "timestamp": "mmddyyyy_HHMMss"
      },
      "version": "6.3.2"
    }
  }
}