{
  "stats": {
    "suites": 1,
    "tests": 1,
    "passes": 0,
    "pending": 0,
    "failures": 1,
    "start": "2026-05-08T23:51:59.885Z",
    "end": "2026-05-08T23:52:05.979Z",
    "duration": 6094,
    "testsRegistered": 1,
    "passPercent": 0,
    "pendingPercent": 0,
    "other": 0,
    "hasOther": false,
    "skipped": 0,
    "hasSkipped": false
  },
  "results": [
    {
      "uuid": "25a0ff4c-f3c2-45f2-b86f-3aae26ea96e4",
      "title": "",
      "fullFile": "cypress/e2e/teste-de-login.cy.js",
      "file": "cypress/e2e/teste-de-login.cy.js",
      "beforeHooks": [],
      "afterHooks": [],
      "tests": [],
      "suites": [
        {
          "uuid": "42c38bb4-b17b-43bc-96df-874967c198d8",
          "title": "Pagina de Login",
          "fullFile": "",
          "file": "",
          "beforeHooks": [],
          "afterHooks": [],
          "tests": [
            {
              "title": "Deve permitir o login com credenciais válidas",
              "fullTitle": "Pagina de Login Deve permitir o login com credenciais válidas",
              "timedOut": null,
              "duration": 4901,
              "state": "failed",
              "speed": null,
              "pass": false,
              "fail": true,
              "pending": false,
              "context": null,
              "code": "cy.get('[name=\"email\"]').type('qa@test.com'); // Aqui, o teste está inserindo um endereço de email válido no campo de email.\ncy.get('[name=\"password\"]').type('123456'); // Aqui, o teste está inserindo uma senha válida no campo de senha.\ncy.get('.p-16 > .flex-col > .flex').click(); // Aqui, o teste está clicando no botão de login.\ncy.get('.fixed > .flex-col > .text-lg').should('contain', 'Login realizado com sucesso'); // Aqui, o teste está verificando se a mensagem de login bem-sucedido aparece na tela.\ncy.get('.fixed > .flex-col > .flex').should('contain', 'Continuar'); // Aqui, o teste está verificando se o botão de continuar aparece na tela.\ncy.get('.fixed > .flex-col > .flex').click(); // Aqui, o teste está clicando no botão de continuar para prosseguir após o login bem-sucedido.",
              "err": {
                "message": "AssertionError: Timed out retrying after 4000ms: expected '<p.text-lg.text-center>' to contain 'Login realizado com sucesso'",
                "estack": "AssertionError: Timed out retrying after 4000ms: expected '<p.text-lg.text-center>' to contain 'Login realizado com sucesso'\n    at Context.eval (webpack://colmeia_teste/./cypress/e2e/teste-de-login.cy.js:10:43)",
                "diff": null
              },
              "uuid": "ce6082d9-0747-4421-a7d2-3cff58cece5b",
              "parentUUID": "42c38bb4-b17b-43bc-96df-874967c198d8",
              "isHook": false,
              "skipped": false
            }
          ],
          "suites": [],
          "passes": [],
          "failures": [
            "ce6082d9-0747-4421-a7d2-3cff58cece5b"
          ],
          "pending": [],
          "skipped": [],
          "duration": 4901,
          "root": false,
          "rootEmpty": false,
          "_timeout": 2000
        }
      ],
      "passes": [],
      "failures": [],
      "pending": [],
      "skipped": [],
      "duration": 0,
      "root": true,
      "rootEmpty": true,
      "_timeout": 2000
    }
  ],
  "meta": {
    "mocha": {
      "version": "7.2.0"
    },
    "mochawesome": {
      "options": {
        "quiet": false,
        "reportFilename": "mochawesome",
        "saveHtml": true,
        "saveJson": true,
        "consoleReporter": "spec",
        "useInlineDiffs": false,
        "code": true
      },
      "version": "7.1.4"
    },
    "marge": {
      "options": {
        "reportDir": "cypress/reports",
        "overwrite": false,
        "html": true,
        "json": true,
        "timestamp": "mmddyyyy_HHMMss"
      },
      "version": "6.3.2"
    }
  }
}