{
  "stats": {
    "suites": 1,
    "tests": 1,
    "passes": 1,
    "pending": 0,
    "failures": 0,
    "start": "2026-05-08T23:51:40.528Z",
    "end": "2026-05-08T23:51:45.195Z",
    "duration": 4667,
    "testsRegistered": 1,
    "passPercent": 100,
    "pendingPercent": 0,
    "other": 0,
    "hasOther": false,
    "skipped": 0,
    "hasSkipped": false
  },
  "results": [
    {
      "uuid": "bd1fc42e-3561-404f-a1f2-1e9c26af7371",
      "title": "",
      "fullFile": "cypress/e2e/teste-cadastro-de-items.cy.js",
      "file": "cypress/e2e/teste-cadastro-de-items.cy.js",
      "beforeHooks": [],
      "afterHooks": [],
      "tests": [],
      "suites": [
        {
          "uuid": "5cf1dd52-db4f-43d3-8678-8ecc050c9e4c",
          "title": "Adicionar Item nos Bancos de Dados",
          "fullFile": "",
          "file": "",
          "beforeHooks": [],
          "afterHooks": [],
          "tests": [
            {
              "title": "Deveria adicionar todos os itens aos Bancos de Dados",
              "fullTitle": "Adicionar Item nos Bancos de Dados Deveria adicionar todos os itens aos Bancos de Dados",
              "timedOut": null,
              "duration": 3564,
              "state": "passed",
              "speed": "fast",
              "pass": true,
              "fail": false,
              "pending": false,
              "context": null,
              "code": "_itens.itens.forEach(item => {\n  cy.get('.py-1 > :nth-child(2) > .gap-2').click(); // Aqui, o teste está clicando no botão para adicionar um novo item aos Bancos de Dados.\n  cy.get('.flex-col > div.w-full > .w-full').type(item.item); // Aqui, o teste está digitando o nome do item a ser adicionado.\n  cy.get('.fixed > .flex-col > .flex').click(); // Aqui, o teste está clicando no botão para confirmar a adição do item.\n});",
              "err": {},
              "uuid": "ee79a07b-3b5c-4363-af82-1103afef4e28",
              "parentUUID": "5cf1dd52-db4f-43d3-8678-8ecc050c9e4c",
              "isHook": false,
              "skipped": false
            }
          ],
          "suites": [],
          "passes": [
            "ee79a07b-3b5c-4363-af82-1103afef4e28"
          ],
          "failures": [],
          "pending": [],
          "skipped": [],
          "duration": 3564,
          "root": false,
          "rootEmpty": false,
          "_timeout": 2000
        }
      ],
      "passes": [],
      "failures": [],
      "pending": [],
      "skipped": [],
      "duration": 0,
      "root": true,
      "rootEmpty": true,
      "_timeout": 2000
    }
  ],
  "meta": {
    "mocha": {
      "version": "7.2.0"
    },
    "mochawesome": {
      "options": {
        "quiet": false,
        "reportFilename": "mochawesome",
        "saveHtml": true,
        "saveJson": true,
        "consoleReporter": "spec",
        "useInlineDiffs": false,
        "code": true
      },
      "version": "7.1.4"
    },
    "marge": {
      "options": {
        "reportDir": "cypress/reports",
        "overwrite": false,
        "html": true,
        "json": true,
        "timestamp": "mmddyyyy_HHMMss"
      },
      "version": "6.3.2"
    }
  }
}